#
# A fatal error has been detected by the Java Runtime Environment:
#
#  Internal Error (javaClasses.cpp:129), pid=3912, tid=3884
#  fatal error: Invalid layout of preloaded class
#
# JRE version: 7.0_07-b11
# Java VM: Java HotSpot(TM) Client VM (23.3-b01 mixed mode windows-x86 )
# Failed to write core dump. Minidumps are not enabled by default on client versions of Windows
#
# If you would like to submit a bug report, please visit:
#   http://bugreport.sun.com/bugreport/crash.jsp
#

---------------  T H R E A D  ---------------

Current thread (0x0028c000):  JavaThread "Unknown thread" [_thread_in_vm, id=3884, stack(0x00d90000,0x00de0000)]

Stack: [0x00d90000,0x00de0000],  sp=0x00ddfa60,  free space=318k
Native frames: (J=compiled Java code, j=interpreted, Vv=VM code, C=native code)
V  [jvm.dll+0x16f2f1]
V  [jvm.dll+0x169496]
V  [jvm.dll+0x2082f]
V  [jvm.dll+0x208b6]
V  [jvm.dll+0x2e64d]
V  [jvm.dll+0x2e8f9]
V  [jvm.dll+0x77d01]
V  [jvm.dll+0x780bb]
V  [jvm.dll+0x1290e1]
V  [jvm.dll+0x149b8a]
V  [jvm.dll+0xa997f]
C  [javaw.exe+0x1359]
C  [javaw.exe+0x1dbb]
C  [javaw.exe+0xa0eb]
C  [javaw.exe+0xa175]
C  [kernel32.dll+0x44b29]  BaseThreadInitThunk+0x12
C  [ntdll.dll+0x3e1c6]  RtlInitializeExceptionChain+0x63
C  [ntdll.dll+0x3e199]  RtlInitializeExceptionChain+0x36


---------------  P R O C E S S  ---------------

Java Threads: ( => current thread )

Other Threads:

=>0x0028c000 (exited) JavaThread "Unknown thread" [_thread_in_vm, id=3884, stack(0x00d90000,0x00de0000)]

VM state:not at safepoint (not fully initialized)

VM Mutex/Monitor currently owned by a thread: None

GC Heap History (0 events):
No events

Deoptimization events (0 events):
No events

Internal exceptions (0 events):
No events

Events (10 events):
Event: 0.018 loading class 0x01aa7e90 done
Event: 0.019 loading class 0x01aa6a48 done
Event: 0.019 loading class 0x01aa6a20
Event: 0.019 loading class 0x01b1ad70
Event: 0.019 loading class 0x01b1ad70 done
Event: 0.019 loading class 0x01b1ada8
Event: 0.019 loading class 0x01b1ada8 done
Event: 0.019 loading class 0x01b1bce8
Event: 0.019 loading class 0x01b1bce8 done
Event: 0.020 loading class 0x01aa6a20 done


Dynamic libraries:
0x00e60000 - 0x00e8f000 	C:\Program Files\Java\jre7\bin\javaw.exe
0x77550000 - 0x77678000 	C:\Windows\system32\ntdll.dll
0x776d0000 - 0x777ac000 	C:\Windows\system32\kernel32.dll
0x75da0000 - 0x75e66000 	C:\Windows\system32\ADVAPI32.dll
0x75cd0000 - 0x75d92000 	C:\Windows\system32\RPCRT4.dll
0x77110000 - 0x771ad000 	C:\Windows\system32\USER32.dll
0x770c0000 - 0x7710b000 	C:\Windows\system32\GDI32.dll
0x74ae0000 - 0x74c7e000 	C:\Windows\WinSxS\x86_microsoft.windows.common-controls_6595b64144ccf1df_6.0.6001.18523_none_5cdd65e20837faf2\COMCTL32.dll
0x75c00000 - 0x75caa000 	C:\Windows\system32\msvcrt.dll
0x77300000 - 0x77358000 	C:\Windows\system32\SHLWAPI.dll
0x776b0000 - 0x776ce000 	C:\Windows\system32\IMM32.DLL
0x76010000 - 0x760d8000 	C:\Windows\system32\MSCTF.dll
0x75cb0000 - 0x75cb9000 	C:\Windows\system32\LPK.DLL
0x75f90000 - 0x7600d000 	C:\Windows\system32\USP10.dll
0x77680000 - 0x776ad000 	C:\Windows\system32\WS2_32.dll
0x75e70000 - 0x75e76000 	C:\Windows\system32\NSI.dll
0x75a60000 - 0x75a81000 	C:\Windows\system32\NTMARTA.DLL
0x75e80000 - 0x75eca000 	C:\Windows\system32\WLDAP32.dll
0x75b60000 - 0x75b67000 	C:\Windows\system32\PSAPI.DLL
0x75a40000 - 0x75a51000 	C:\Windows\system32\SAMLIB.dll
0x771b0000 - 0x772f4000 	C:\Windows\system32\ole32.dll
0x600d0000 - 0x6018e000 	C:\Program Files\Java\jre7\bin\msvcr100.dll
0x63e10000 - 0x6415c000 	C:\Program Files\Java\jre7\bin\client\jvm.dll
0x73090000 - 0x73097000 	C:\Windows\system32\WSOCK32.dll
0x74410000 - 0x74442000 	C:\Windows\system32\WINMM.dll
0x76310000 - 0x7639d000 	C:\Windows\system32\OLEAUT32.dll
0x743d0000 - 0x74409000 	C:\Windows\system32\OLEACC.dll
0x74310000 - 0x7431c000 	C:\Program Files\Java\jre7\bin\verify.dll
0x742a0000 - 0x742c0000 	C:\Program Files\Java\jre7\bin\java.dll
0x742f0000 - 0x74303000 	C:\Program Files\Java\jre7\bin\zip.dll
0x72ca0000 - 0x72d7c000 	C:\Windows\system32\dbghelp.dll

VM Arguments:
jvm_args: -Dfile.encoding=GBK -Xbootclasspath/p:C:\Users\Jason\Desktop\android-sdk\platforms\android-15\android.jar 
java_command: com.example.your.language.friend.Test
Launcher Type: SUN_STANDARD

Environment Variables:
CLASSPATH=.;C:\Program Files\QuickTime\QTSystem\QTJava.zip
PATH=C:/Program Files/Java/jre7/bin/client;C:/Program Files/Java/jre7/bin;C:/Program Files/Java/jre7/lib/i386;C:\Program Files\NVIDIA Corporation\PhysX\Common;C:\Windows\system32;C:\Windows;C:\Windows\System32\Wbem;C:\Program Files\EgisTec\MyWinLocker 3\x86;C:\Program Files\EgisTec\MyWinLocker 3\x64;C:\Program Files\Common Files\Teleca Shared;C:\Program Files\Intuwave\Shared\mRouterRuntime;c:\Program Files\Microsoft SQL Server\100\Tools\Binn\;c:\Program Files\Microsoft SQL Server\100\DTS\Binn\;C:\Program Files\QuickTime\QTSystem\;C:\Program Files\IVI Foundation\VISA\WinNT\Bin;C:\OrCAD\OrCAD_10.5_Demo\tools\specctra\bin;C:\OrCAD\OrCAD_10.5_Demo\tools\PSpice\Library;C:\OrCAD\OrCAD_10.5_Demo\tools\Capture;C:\OrCAD\OrCAD_10.5_Demo\tools\bin;C:\OrCAD\OrCAD_10.5_Demo\tools\fet\bin;C:\Windows\System32\WindowsPowerShell\v1.0\;C:\Users\Jason\Desktop\android-sdk\tools;C:\Program Files\libCURL\lib;C:\Program Files\nodejs\;C:\Program Files\SQL Anywhere 12\bin32;C:\Program Files\SSH Communications Security\SSH Secure Shell;C:\Program Files\IDM Computer Solutions\UltraEdit\;C:\Users\Jason\AppData\Roaming\npm\;C:\Program Files\OpenVPN\bin;C:\php5;C:\Program Files\SQL Anywhere 12\Bin32;C:\PHP5\php.exe;C:\Users\Jason\Desktop\eclipse;
USERNAME=Jason
OS=Windows_NT
PROCESSOR_IDENTIFIER=x86 Family 6 Model 23 Stepping 6, GenuineIntel



---------------  S Y S T E M  ---------------

OS: Windows Vista Build 6001 Service Pack 1

CPU:total 2 (2 cores per cpu, 1 threads per core) family 6 model 23 stepping 6, cmov, cx8, fxsr, mmx, sse, sse2, sse3, ssse3, sse4.1, tsc

Memory: 4k page, physical 3142880k(923920k free), swap 6491600k(3011612k free)

vm_info: Java HotSpot(TM) Client VM (23.3-b01) for windows-x86 JRE (1.7.0_07-b11), built on Sep  7 2012 01:40:56 by "java_re" with unknown MS VC++:1600

time: Tue Jan 29 15:50:05 2013
elapsed time: 0 seconds

